SCUBA, Version Diamond (64-bit) 3.11.0.396.4
Fri Aug 14 14:07:43 2020
  
Copyright (c) 1991-1994 by NeoCAD Inc. All rights reserved.
Copyright (c) 1995 AT&T Corp.   All rights reserved.
Copyright (c) 1995-2001 Lucent Technologies Inc.  All rights reserved.
Copyright (c) 2001 Agere Systems   All rights reserved.
Copyright (c) 2002-2019 Lattice Semiconductor Corporation,  All rights reserved.
  
BEGIN SCUBA Module Synthesis
  
    Issued command   : C:\lscc\diamond\3.11_x64\ispfpga\bin\nt64\scuba.exe -w -n PLL -lang verilog -synth lse -arch xo3c00f -type pll -fin 200 -fclkop 100 -fclkop_tol 0.0 -trimp 0 -phasep 0 -trimp_r -phase_cntl STATIC -rst -fb_mode 1 
    Circuit name     : PLL
    Module type      : pll
    Module Version   : 5.7
    Ports            : 
    Inputs       : CLKI, RST
    Outputs      : CLKOP
    I/O buffer       : not inserted
    EDIF output      : PLL.edn
    Verilog output   : PLL.v
    Verilog template : PLL_tmpl.v
    Verilog purpose  : for synthesis and simulation
    Bus notation     : big endian
    Report output    : PLL.srp
    Estimated Resource Usage:
  
END   SCUBA Module Synthesis

