10 1 1
10 1 1
10 1 1
17 0 behave1p_mem 1344 368 0
17 0 1
17 0 int1 1536 416 0
17 0 BASEMODULE 1616 640 0
17 0 1
17 0 2
17 0 BASEMODULE 1360 512 0
17 0 2
17 0 ADC_Input_Bits 1520 496 0
17 0 int1 1968 528 0
17 0 1
17 0 int1 1936 496 0
17 0 1
17 0 int1 1936 496 0
13 0 1856 608 1936 608
13 0 1936 608 1936 624
13 0 1920 608 1920 624
13 0 1920 624 1904 624
13 2 1904 624 1920 624
13 2 1920 608 1920 624
13 2 1856 608 1936 608
13 2 1936 608 1936 624
13 0 1936 624 1904 624
13 0 1904 624 1904 608
13 0 1904 608 1856 608
13 0 1936 576 1920 576
13 0 1920 576 1920 768
13 0 1520 672 1520 768
13 0 1520 768 1920 768
13 0 1616 384 1616 496
13 2 1616 384 1616 496
