10 1 1
10 1 1
10 1 1
17 0 int1 928 400 0
17 0 ADC_Input_Bits 512 400 0
13 0 912 496 928 496
13 0 848 528 896 528
13 0 896 544 928 544
13 0 512 688 912 688
13 0 512 592 512 688
13 0 896 528 896 544
13 0 912 496 912 688
13 0 864 528 896 528
13 2 864 528 896 528
13 2 848 528 864 528
13 2 896 544 928 544
13 2 896 528 896 544
13 0 928 528 880 528
13 0 880 528 880 512
13 0 880 512 848 512
13 2 880 528 928 528
17 0 1
17 0 int1 928 400 0
13 0 880 528 928 528
13 2 912 496 928 496
13 2 912 496 912 688
13 0 912 480 912 688
13 0 912 480 928 480
13 0 928 480 928 496
13 2 928 480 928 496
13 2 912 480 928 480
13 2 880 528 928 528
17 0 1
17 0 int1 944 400 0
13 0 912 480 944 480
13 0 928 528 944 528
13 0 880 528 928 528
13 4 512 688 928 688
13 0 912 688 928 688
13 2 912 688 928 688
13 4 912 688 512 688
13 0 640 688 640 704
13 4 512 688 640 688
13 2 640 688 640 704
13 4 912 688 912 720
13 4 896 720 896 688
13 0 512 640 512 592
13 2 512 592 512 640
13 2 512 640 512 688
13 0 512 576 512 688
13 0 784 688 784 752
13 4 528 688 784 688
13 2 784 688 784 752
13 0 512 736 512 688
13 4 624 736 512 736
13 2 512 688 512 736
13 0 528 720 512 720
13 4 528 688 528 720
13 0 512 544 480 544
13 0 944 448 944 656
13 0 944 448 944 528
13 0 944 448 944 480
13 0 944 480 944 528
13 0 944 528 944 656
13 2 944 528 944 656
13 2 944 480 944 528
13 2 944 448 944 480
13 0 944 448 880 448
13 0 880 448 880 736
13 0 880 448 880 528
13 0 880 528 880 736
13 2 880 528 880 736
13 2 880 448 880 512
13 0 880 448 880 368
13 0 880 368 864 368
13 0 864 368 496 368
13 0 496 368 480 368
13 0 480 368 480 544
13 0 512 512 384 512
13 5 512 720 rst
13 5 400 512 RD_activelow
13 2 384 512 400 512
13 0 400 512 464 512
13 2 400 512 464 512
13 7 400 512
13 8 400 512 0
13 0 464 512 368 512
13 5 368 512 RD_activelow
13 0 512 464 368 464
13 0 1472 512 1648 512
13 5 1648 512 Data_Out
13 8 1648 512 2
13 5 368 464 ADC_Input
13 8 384 464 1
13 8 368 464 1
13 2 512 720 528 720
13 7 512 720
13 0 528 784 528 720
13 5 528 784 rst
13 8 512 720 0
13 8 528 784 0
13 8 528 784 1
17 0 load_register 1472 1120 0
17 0 2
17 0 1
13 2 480 368 880 368
13 2 880 448 944 448
13 2 368 464 512 464
13 2 912 480 944 480
13 2 368 512 512 512
13 2 848 512 880 512
13 2 1472 512 1648 512
13 2 880 528 944 528
13 2 480 544 512 544
13 0 512 688 528 688
13 2 512 688 528 688
13 2 528 688 912 688
13 2 480 368 480 544
13 2 512 576 512 688
13 2 880 368 880 448
13 2 880 512 880 528
13 2 912 480 912 688
13 7 528 784
13 8 528 784 0
13 7 368 464
13 8 368 464 0
13 7 368 512
13 7 1648 512
13 8 1648 512 0
13 8 528 784 0
13 8 368 464 0
13 8 368 512 0
13 8 1648 512 0
17 0 3
17 0 load_register 352 224 0
17 0 3
17 0 load_register 384 176 0
17 0 load_register 400 464 0
17 0 1
