--------------------------------------------------------------------------------
Lattice Synthesis Timing Report, Version  
Fri Aug 14 14:49:09 2020

Copyright (c) 1991-1994 by NeoCAD Inc. All rights reserved.
Copyright (c) 1995 AT&T Corp.   All rights reserved.
Copyright (c) 1995-2001 Lucent Technologies Inc.  All rights reserved.
Copyright (c) 2001 Agere Systems   All rights reserved.
Copyright (c) 2002-2019 Lattice Semiconductor Corporation,  All rights reserved.

Report Information
------------------
Design:     Data_Acq
Constraint file:  
Report level:    verbose report, limited to 3 items per constraint
--------------------------------------------------------------------------------



================================================================================
Constraint: create_clock -period 5.000000 -name clk0 [get_nets main_clk]
            561 items scored, 122 timing errors detected.
--------------------------------------------------------------------------------


Error:  The following path violates requirements by 0.403ns

 Logical Details:  Cell type  Pin type       Cell name  (clock net +/-)

   Source:         FD1S3IX    CK             \I1/count_reg_20__i5  (from main_clk +)
   Destination:    FD1P3AX    SP             \I1/data_reg_i0_i13  (to main_clk +)

   Delay:                   5.167ns  (30.8% logic, 69.2% route), 4 logic levels.

 Constraint Details:

      5.167ns data_path \I1/count_reg_20__i5 to \I1/data_reg_i0_i13 violates
      5.000ns delay constraint less
      0.236ns LCE_S requirement (totaling 4.764ns) by 0.403ns

 Path Details: \I1/count_reg_20__i5 to \I1/data_reg_i0_i13

   Name    Fanout   Delay (ns)          Pins               Resource(Cell.Net)
L_CO        ---     0.367             CK to Q              \I1/count_reg_20__i5 (from main_clk)
Route         2   e 0.838                                  \I1/count_reg[5]
LUT4        ---     0.408              B to Z              \I1/i7_4_lut
Route         1   e 0.660                                  \I1/n18
LUT4        ---     0.408              B to Z              \I1/i9_4_lut
Route         1   e 0.660                                  \I1/n20
LUT4        ---     0.408              D to Z              \I1/i216_4_lut
Route        29   e 1.418                                  \I1/empty_next
                  --------
                    5.167  (30.8% logic, 69.2% route), 4 logic levels.


Error:  The following path violates requirements by 0.403ns

 Logical Details:  Cell type  Pin type       Cell name  (clock net +/-)

   Source:         FD1S3IX    CK             \I1/count_reg_20__i5  (from main_clk +)
   Destination:    FD1P3AX    SP             \I1/data_reg_i0_i12  (to main_clk +)

   Delay:                   5.167ns  (30.8% logic, 69.2% route), 4 logic levels.

 Constraint Details:

      5.167ns data_path \I1/count_reg_20__i5 to \I1/data_reg_i0_i12 violates
      5.000ns delay constraint less
      0.236ns LCE_S requirement (totaling 4.764ns) by 0.403ns

 Path Details: \I1/count_reg_20__i5 to \I1/data_reg_i0_i12

   Name    Fanout   Delay (ns)          Pins               Resource(Cell.Net)
L_CO        ---     0.367             CK to Q              \I1/count_reg_20__i5 (from main_clk)
Route         2   e 0.838                                  \I1/count_reg[5]
LUT4        ---     0.408              B to Z              \I1/i7_4_lut
Route         1   e 0.660                                  \I1/n18
LUT4        ---     0.408              B to Z              \I1/i9_4_lut
Route         1   e 0.660                                  \I1/n20
LUT4        ---     0.408              D to Z              \I1/i216_4_lut
Route        29   e 1.418                                  \I1/empty_next
                  --------
                    5.167  (30.8% logic, 69.2% route), 4 logic levels.


Error:  The following path violates requirements by 0.403ns

 Logical Details:  Cell type  Pin type       Cell name  (clock net +/-)

   Source:         FD1S3IX    CK             \I1/count_reg_20__i5  (from main_clk +)
   Destination:    FD1P3AX    SP             \I1/data_reg_i0_i11  (to main_clk +)

   Delay:                   5.167ns  (30.8% logic, 69.2% route), 4 logic levels.

 Constraint Details:

      5.167ns data_path \I1/count_reg_20__i5 to \I1/data_reg_i0_i11 violates
      5.000ns delay constraint less
      0.236ns LCE_S requirement (totaling 4.764ns) by 0.403ns

 Path Details: \I1/count_reg_20__i5 to \I1/data_reg_i0_i11

   Name    Fanout   Delay (ns)          Pins               Resource(Cell.Net)
L_CO        ---     0.367             CK to Q              \I1/count_reg_20__i5 (from main_clk)
Route         2   e 0.838                                  \I1/count_reg[5]
LUT4        ---     0.408              B to Z              \I1/i7_4_lut
Route         1   e 0.660                                  \I1/n18
LUT4        ---     0.408              B to Z              \I1/i9_4_lut
Route         1   e 0.660                                  \I1/n20
LUT4        ---     0.408              D to Z              \I1/i216_4_lut
Route        29   e 1.418                                  \I1/empty_next
                  --------
                    5.167  (30.8% logic, 69.2% route), 4 logic levels.

Warning: 5.403 ns is the maximum delay for this constraint.


Timing Report Summary
--------------
--------------------------------------------------------------------------------
Constraint                              |   Constraint|       Actual|Levels
--------------------------------------------------------------------------------
                                        |             |             |
create_clock -period 5.000000 -name     |             |             |
clk0 [get_nets main_clk]                |     5.000 ns|     5.403 ns|     4 *
                                        |             |             |
--------------------------------------------------------------------------------


1 constraints not met.

--------------------------------------------------------------------------------
Critical Nets                           |   Loads|  Errors| % of total
--------------------------------------------------------------------------------
\I1/empty_next                          |      29|     116|     95.08%
                                        |        |        |
\I1/n18                                 |       1|     116|     95.08%
                                        |        |        |
\I1/n20                                 |       1|     116|     95.08%
                                        |        |        |
\I1/count_reg[5]                        |       2|      29|     23.77%
                                        |        |        |
\I1/count_reg[6]                        |       2|      29|     23.77%
                                        |        |        |
\I1/count_reg[10]                       |       2|      29|     23.77%
                                        |        |        |
\I1/count_reg[13]                       |       2|      29|     23.77%
                                        |        |        |
--------------------------------------------------------------------------------


Timing summary:
---------------

Timing errors: 122  Score: 41042

Constraints cover  561 paths, 82 nets, and 138 connections (59.0% coverage)


Peak memory: 61534208 bytes, TRCE: 1830912 bytes, DLYMAN: 0 bytes
CPU_TIME_REPORT: 0 secs 
